<?xml version="1.0" encoding="UTF-8"?>
<!-- Generated by org.testng.reporters.JUnitReportReporter -->
<testsuite hostname="DESKTOP-VEMCPH6" failures="0" tests="1" name="hrmdatabase.OrangeHRMTests" time="22.723" errors="0" timestamp="2022-09-30T21:32:04 IST" skipped="0">
  <testcase classname="hrmdatabase.OrangeHRMTests" name="loginLogout" time="22.723"/>
  <system-out/>
</testsuite> <!-- hrmdatabase.OrangeHRMTests -->
