<?xml version="1.0" encoding="UTF-8"?>
<!-- Generated by org.testng.reporters.JUnitReportReporter -->
<testsuite hostname="DESKTOP-VEMCPH6" failures="0" tests="1" name="com.tmb.tests.HomepageTests" time="23.731" errors="0" timestamp="2022-10-12T12:23:47 IST" skipped="0">
  <testcase classname="com.tmb.tests.HomepageTests" name="loginLogout" time="23.731"/>
  <system-out/>
</testsuite> <!-- com.tmb.tests.HomepageTests -->
