<?xml version="1.0" encoding="UTF-8"?>
<!-- Generated by org.testng.reporters.JUnitReportReporter -->
<testsuite hostname="DESKTOP-VEMCPH6" failures="0" tests="1" name="hrmdatabase.HomepageTests" time="6.149" errors="0" timestamp="2022-09-30T01:47:23 IST" skipped="0">
  <testcase classname="hrmdatabase.HomepageTests" name="test1" time="6.149"/>
  <system-out/>
</testsuite> <!-- hrmdatabase.HomepageTests -->
