<?xml version="1.0" encoding="UTF-8"?>
<!-- Generated by org.testng.reporters.JUnitReportReporter -->
<testsuite hostname="DESKTOP-VEMCPH6" failures="0" tests="2" name="hrmdatabase.LoginPageTests" time="17.955" errors="0" timestamp="2022-09-30T01:47:23 IST" skipped="0">
  <testcase classname="hrmdatabase.LoginPageTests" name="test2" time="8.134"/>
  <system-out/>
  <testcase classname="hrmdatabase.LoginPageTests" name="test1" time="9.821"/>
  <system-out/>
</testsuite> <!-- hrmdatabase.LoginPageTests -->
