<?xml version="1.0" encoding="UTF-8"?>
<!-- Generated by org.testng.reporters.JUnitReportReporter -->
<testsuite hostname="DESKTOP-VEMCPH6" failures="0" tests="1" name="hrmdatabase.OrangeHRMTests" time="33.595" errors="0" timestamp="2022-10-11T23:14:39 IST" skipped="0">
  <testcase classname="hrmdatabase.OrangeHRMTests" name="loginLogout" time="33.595"/>
  <system-out/>
</testsuite> <!-- hrmdatabase.OrangeHRMTests -->
